  Game.cpp
E:\SFML Projects\SFML_Assignment3\Pair-Programming\Game.cpp(17,12): warning C4244: 'argument': conversion from 'time_t' to 'unsigned int', possible loss of data
E:\SFML Projects\SFML_Assignment3\Pair-Programming\Game.cpp(64,108): warning C4244: 'argument': conversion from 'T' to 'T', possible loss of data
          with
          [
              T=int
          ]
          and
          [
              T=float
          ]
E:\SFML Projects\SFML_Assignment3\Pair-Programming\Game.cpp(64,78): warning C4244: 'argument': conversion from 'T' to 'T', possible loss of data
          with
          [
              T=int
          ]
          and
          [
              T=float
          ]
  Pair-Programming.vcxproj -> E:\SFML Projects\SFML_Assignment3\Debug\Pair-Programming.exe
